[27112:25312:0315/225526.176:WARNING:chrome_main_delegate.cc(745)] This is Chrome version 128.0.6613.138 (not a warning)
[27112:13308:0315/225526.233:ERROR:google_update_settings.cc(265)] Failed opening key Software\Chromium to set usagestats; result: 5
[27112:25312:0315/225526.264:WARNING:account_consistency_mode_manager.cc(77)] Desktop Identity Consistency cannot be enabled as no OAuth client ID and client secret have been configured.
[27112:13048:0315/225529.468:ERROR:cert_verify_proc_builtin.cc(1063)] CertVerifyProcBuiltin for wpad failed:
----- Certificate i=0 (CN=self-signedKey,O=Sagemcom Ca,C=FR) -----
ERROR: No matching issuer found


[27112:4572:0315/225529.468:ERROR:cert_verify_proc_builtin.cc(1063)] CertVerifyProcBuiltin for wpad failed:
----- Certificate i=0 (CN=self-signedKey,O=Sagemcom Ca,C=FR) -----
ERROR: No matching issuer found


[8768:12124:0315/225529.475:ERROR:ssl_client_socket_impl.cc(882)] handshake failed; returned -1, SSL error code 1, net_error -202
[8768:12124:0315/225529.477:WARNING:pac_file_fetcher_impl.cc(267)] SSL certificate error when fetching PAC script, aborting.
[8768:12124:0315/225529.477:ERROR:ssl_client_socket_impl.cc(882)] handshake failed; returned -1, SSL error code 1, net_error -202
[8768:12124:0315/225529.477:WARNING:pac_file_fetcher_impl.cc(267)] SSL certificate error when fetching PAC script, aborting.
[27112:13048:0315/225529.515:ERROR:cert_verify_proc_builtin.cc(1063)] CertVerifyProcBuiltin for wpad failed:
----- Certificate i=0 (CN=self-signedKey,O=Sagemcom Ca,C=FR) -----
ERROR: No matching issuer found


[8768:12124:0315/225529.519:ERROR:ssl_client_socket_impl.cc(882)] handshake failed; returned -1, SSL error code 1, net_error -202
[8768:12124:0315/225529.520:WARNING:pac_file_fetcher_impl.cc(267)] SSL certificate error when fetching PAC script, aborting.
[27812:4200:0315/225530.120:WARNING:frame_impl.cc(430)] virtual CefFrameImpl::SendProcessMessage sent to detached frame 5-B2626E4A1F4FD931937BB7017B3B29D0 will be ignored
[27112:25312:0315/225533.796:ERROR:device_event_log_impl.cc(196)] [22:55:33.784] USB: usb_service_win.cc:105 SetupDiGetDeviceProperty({{A45C254E-DF1C-4EFD-8020-67D146A850E0}, 6}) failed: Element not found. (0x490)
[27112:28036:0315/225534.511:ERROR:cast_crl.cc(443)] CRL - Verification failed.
[8768:12124:0315/225537.537:ERROR:ssl_client_socket_impl.cc(882)] handshake failed; returned -1, SSL error code 1, net_error -202
[8768:12124:0315/225537.537:ERROR:ssl_client_socket_impl.cc(882)] handshake failed; returned -1, SSL error code 1, net_error -202
[8768:12124:0315/225537.537:WARNING:pac_file_fetcher_impl.cc(267)] SSL certificate error when fetching PAC script, aborting.
[8768:12124:0315/225537.537:WARNING:pac_file_fetcher_impl.cc(267)] SSL certificate error when fetching PAC script, aborting.
[8768:12124:0315/225537.656:ERROR:ssl_client_socket_impl.cc(882)] handshake failed; returned -1, SSL error code 1, net_error -202
[8768:12124:0315/225537.656:WARNING:pac_file_fetcher_impl.cc(267)] SSL certificate error when fetching PAC script, aborting.
[27112:25312:0315/225609.990:WARNING:pref_notifier_impl.cc(41)] Pref observer for media_router.cast_allow_all_ips found at shutdown.
