[29036:5984:0315/225616.041:WARNING:chrome_main_delegate.cc(745)] This is Chrome version 128.0.6613.138 (not a warning)
[29036:8916:0315/225616.065:ERROR:google_update_settings.cc(265)] Failed opening key Software\Chromium to set usagestats; result: 5
[29036:5984:0315/225616.077:WARNING:account_consistency_mode_manager.cc(77)] Desktop Identity Consistency cannot be enabled as no OAuth client ID and client secret have been configured.
[29036:22148:0315/225618.541:ERROR:cert_verify_proc_builtin.cc(1063)] CertVerifyProcBuiltin for wpad failed:
----- Certificate i=0 (CN=self-signedKey,O=Sagemcom Ca,C=FR) -----
ERROR: No matching issuer found


[29036:22148:0315/225618.542:ERROR:cert_verify_proc_builtin.cc(1063)] CertVerifyProcBuiltin for wpad failed:
----- Certificate i=0 (CN=self-signedKey,O=Sagemcom Ca,C=FR) -----
ERROR: No matching issuer found


[18756:32832:0315/225618.542:ERROR:ssl_client_socket_impl.cc(882)] handshake failed; returned -1, SSL error code 1, net_error -202
[18756:32832:0315/225618.542:WARNING:pac_file_fetcher_impl.cc(267)] SSL certificate error when fetching PAC script, aborting.
[18756:32832:0315/225618.542:ERROR:ssl_client_socket_impl.cc(882)] handshake failed; returned -1, SSL error code 1, net_error -202
[18756:32832:0315/225618.542:WARNING:pac_file_fetcher_impl.cc(267)] SSL certificate error when fetching PAC script, aborting.
[29036:30156:0315/225618.739:ERROR:cert_verify_proc_builtin.cc(1063)] CertVerifyProcBuiltin for wpad failed:
----- Certificate i=0 (CN=self-signedKey,O=Sagemcom Ca,C=FR) -----
ERROR: No matching issuer found


[18756:32832:0315/225618.745:ERROR:ssl_client_socket_impl.cc(882)] handshake failed; returned -1, SSL error code 1, net_error -202
[18756:32832:0315/225618.746:WARNING:pac_file_fetcher_impl.cc(267)] SSL certificate error when fetching PAC script, aborting.
[32476:11384:0315/225619.141:WARNING:frame_impl.cc(430)] virtual CefFrameImpl::SendProcessMessage sent to detached frame 5-BC2F076AE01B5A63F1EAAC572D5315BD will be ignored
[29036:5984:0315/225622.238:ERROR:device_event_log_impl.cc(196)] [22:56:22.226] USB: usb_service_win.cc:105 SetupDiGetDeviceProperty({{A45C254E-DF1C-4EFD-8020-67D146A850E0}, 6}) failed: Element not found. (0x490)
[29036:4564:0315/225624.495:ERROR:cast_crl.cc(443)] CRL - Verification failed.
[18756:32832:0315/225626.687:ERROR:ssl_client_socket_impl.cc(882)] handshake failed; returned -1, SSL error code 1, net_error -202
[18756:32832:0315/225626.688:ERROR:ssl_client_socket_impl.cc(882)] handshake failed; returned -1, SSL error code 1, net_error -202
[18756:32832:0315/225626.688:WARNING:pac_file_fetcher_impl.cc(267)] SSL certificate error when fetching PAC script, aborting.
[18756:32832:0315/225626.688:WARNING:pac_file_fetcher_impl.cc(267)] SSL certificate error when fetching PAC script, aborting.
[18756:32832:0315/225626.876:ERROR:ssl_client_socket_impl.cc(882)] handshake failed; returned -1, SSL error code 1, net_error -202
[18756:32832:0315/225626.878:WARNING:pac_file_fetcher_impl.cc(267)] SSL certificate error when fetching PAC script, aborting.
[29036:5984:0315/225645.435:WARNING:pref_notifier_impl.cc(41)] Pref observer for media_router.cast_allow_all_ips found at shutdown.
